{"C:\\Users\\Pureheart\\Desktop\\myprojects\\API\\book-store\\app.js": {"path":"C:\\Users\\Pureheart\\Desktop\\myprojects\\API\\book-store\\app.js","statementMap":{"0":{"start":{"line":3,"column":16},"end":{"line":3,"column":34}},"1":{"start":{"line":4,"column":17},"end":{"line":4,"column":36}},"2":{"start":{"line":5,"column":19},"end":{"line":5,"column":41}},"3":{"start":{"line":6,"column":13},"end":{"line":6,"column":28}},"4":{"start":{"line":7,"column":18},"end":{"line":7,"column":47}},"5":{"start":{"line":8,"column":24},"end":{"line":8,"column":49}},"6":{"start":{"line":10,"column":12},"end":{"line":10,"column":21}},"7":{"start":{"line":13,"column":0},"end":{"line":13,"column":16}},"8":{"start":{"line":16,"column":0},"end":{"line":16,"column":27}},"9":{"start":{"line":19,"column":11},"end":{"line":19,"column":43}},"10":{"start":{"line":21,"column":0},"end":{"line":21,"column":13}},"11":{"start":{"line":24,"column":0},"end":{"line":24,"column":51}},"12":{"start":{"line":25,"column":0},"end":{"line":25,"column":27}},"13":{"start":{"line":28,"column":13},"end":{"line":28,"column":44}},"14":{"start":{"line":29,"column":13},"end":{"line":29,"column":44}},"15":{"start":{"line":30,"column":15},"end":{"line":30,"column":48}},"16":{"start":{"line":33,"column":0},"end":{"line":33,"column":31}},"17":{"start":{"line":34,"column":0},"end":{"line":34,"column":39}},"18":{"start":{"line":37,"column":0},"end":{"line":42,"column":3}},"19":{"start":{"line":38,"column":2},"end":{"line":41,"column":5}},"20":{"start":{"line":45,"column":0},"end":{"line":45,"column":72}},"21":{"start":{"line":48,"column":0},"end":{"line":48,"column":30}},"22":{"start":{"line":49,"column":0},"end":{"line":49,"column":30}},"23":{"start":{"line":50,"column":0},"end":{"line":50,"column":34}},"24":{"start":{"line":52,"column":13},"end":{"line":52,"column":37}},"25":{"start":{"line":53,"column":15},"end":{"line":53,"column":81}},"26":{"start":{"line":53,"column":38},"end":{"line":53,"column":80}},"27":{"start":{"line":55,"column":0},"end":{"line":55,"column":33}}},"fnMap":{"0":{"name":"(anonymous_0)","decl":{"start":{"line":37,"column":13},"end":{"line":37,"column":14}},"loc":{"start":{"line":37,"column":27},"end":{"line":42,"column":1}},"line":37},"1":{"name":"(anonymous_1)","decl":{"start":{"line":53,"column":32},"end":{"line":53,"column":33}},"loc":{"start":{"line":53,"column":38},"end":{"line":53,"column":80}},"line":53}},"branchMap":{"0":{"loc":{"start":{"line":52,"column":13},"end":{"line":52,"column":37}},"type":"binary-expr","locations":[{"start":{"line":52,"column":13},"end":{"line":52,"column":29}},{"start":{"line":52,"column":33},"end":{"line":52,"column":37}}],"line":52}},"s":{"0":1,"1":1,"2":1,"3":1,"4":1,"5":1,"6":1,"7":1,"8":1,"9":1,"10":1,"11":1,"12":1,"13":1,"14":1,"15":1,"16":1,"17":1,"18":1,"19":0,"20":1,"21":1,"22":1,"23":1,"24":1,"25":1,"26":1,"27":1},"f":{"0":0,"1":1},"b":{"0":[1,1]},"_coverageSchema":"43e27e138ebf9cfc5966b082cf9a028302ed4184","hash":"d0b5addede30007ccac88ef0f1a66541ba5c0999"}
,"C:\\Users\\Pureheart\\Desktop\\myprojects\\API\\book-store\\config\\dbconnection.js": {"path":"C:\\Users\\Pureheart\\Desktop\\myprojects\\API\\book-store\\config\\dbconnection.js","statementMap":{"0":{"start":{"line":5,"column":17},"end":{"line":5,"column":36}},"1":{"start":{"line":6,"column":13},"end":{"line":6,"column":38}},"2":{"start":{"line":8,"column":17},"end":{"line":8,"column":23}},"3":{"start":{"line":11,"column":2},"end":{"line":49,"column":5}},"4":{"start":{"line":12,"column":4},"end":{"line":48,"column":5}},"5":{"start":{"line":13,"column":6},"end":{"line":21,"column":9}},"6":{"start":{"line":19,"column":8},"end":{"line":19,"column":36}},"7":{"start":{"line":19,"column":17},"end":{"line":19,"column":36}},"8":{"start":{"line":20,"column":8},"end":{"line":20,"column":18}},"9":{"start":{"line":22,"column":6},"end":{"line":24,"column":85}},"10":{"start":{"line":23,"column":28},"end":{"line":23,"column":72}},"11":{"start":{"line":24,"column":32},"end":{"line":24,"column":83}},"12":{"start":{"line":25,"column":11},"end":{"line":48,"column":5}},"13":{"start":{"line":26,"column":6},"end":{"line":34,"column":9}},"14":{"start":{"line":32,"column":8},"end":{"line":32,"column":36}},"15":{"start":{"line":32,"column":17},"end":{"line":32,"column":36}},"16":{"start":{"line":33,"column":8},"end":{"line":33,"column":18}},"17":{"start":{"line":35,"column":6},"end":{"line":37,"column":85}},"18":{"start":{"line":36,"column":28},"end":{"line":36,"column":67}},"19":{"start":{"line":37,"column":32},"end":{"line":37,"column":83}},"20":{"start":{"line":39,"column":6},"end":{"line":47,"column":9}},"21":{"start":{"line":45,"column":8},"end":{"line":45,"column":36}},"22":{"start":{"line":45,"column":17},"end":{"line":45,"column":36}},"23":{"start":{"line":46,"column":8},"end":{"line":46,"column":18}},"24":{"start":{"line":53,"column":2},"end":{"line":53,"column":31}},"25":{"start":{"line":57,"column":2},"end":{"line":59,"column":38}},"26":{"start":{"line":58,"column":4},"end":{"line":58,"column":38}},"27":{"start":{"line":59,"column":20},"end":{"line":59,"column":36}},"28":{"start":{"line":62,"column":0},"end":{"line":62,"column":52}}},"fnMap":{"0":{"name":"connect","decl":{"start":{"line":10,"column":9},"end":{"line":10,"column":16}},"loc":{"start":{"line":10,"column":19},"end":{"line":50,"column":1}},"line":10},"1":{"name":"(anonymous_1)","decl":{"start":{"line":11,"column":21},"end":{"line":11,"column":22}},"loc":{"start":{"line":11,"column":42},"end":{"line":49,"column":3}},"line":11},"2":{"name":"(anonymous_2)","decl":{"start":{"line":18,"column":14},"end":{"line":18,"column":15}},"loc":{"start":{"line":18,"column":28},"end":{"line":21,"column":7}},"line":18},"3":{"name":"(anonymous_3)","decl":{"start":{"line":23,"column":22},"end":{"line":23,"column":23}},"loc":{"start":{"line":23,"column":28},"end":{"line":23,"column":72}},"line":23},"4":{"name":"(anonymous_4)","decl":{"start":{"line":24,"column":21},"end":{"line":24,"column":22}},"loc":{"start":{"line":24,"column":32},"end":{"line":24,"column":83}},"line":24},"5":{"name":"(anonymous_5)","decl":{"start":{"line":31,"column":14},"end":{"line":31,"column":15}},"loc":{"start":{"line":31,"column":28},"end":{"line":34,"column":7}},"line":31},"6":{"name":"(anonymous_6)","decl":{"start":{"line":36,"column":22},"end":{"line":36,"column":23}},"loc":{"start":{"line":36,"column":28},"end":{"line":36,"column":67}},"line":36},"7":{"name":"(anonymous_7)","decl":{"start":{"line":37,"column":21},"end":{"line":37,"column":22}},"loc":{"start":{"line":37,"column":32},"end":{"line":37,"column":83}},"line":37},"8":{"name":"(anonymous_8)","decl":{"start":{"line":44,"column":14},"end":{"line":44,"column":15}},"loc":{"start":{"line":44,"column":28},"end":{"line":47,"column":7}},"line":44},"9":{"name":"close","decl":{"start":{"line":52,"column":9},"end":{"line":52,"column":14}},"loc":{"start":{"line":52,"column":17},"end":{"line":54,"column":1}},"line":52},"10":{"name":"dropCollection","decl":{"start":{"line":56,"column":9},"end":{"line":56,"column":23}},"loc":{"start":{"line":56,"column":26},"end":{"line":60,"column":1}},"line":56},"11":{"name":"(anonymous_11)","decl":{"start":{"line":57,"column":27},"end":{"line":57,"column":28}},"loc":{"start":{"line":57,"column":33},"end":{"line":59,"column":3}},"line":57},"12":{"name":"(anonymous_12)","decl":{"start":{"line":59,"column":11},"end":{"line":59,"column":12}},"loc":{"start":{"line":59,"column":20},"end":{"line":59,"column":36}},"line":59}},"branchMap":{"0":{"loc":{"start":{"line":12,"column":4},"end":{"line":48,"column":5}},"type":"if","locations":[{"start":{"line":12,"column":4},"end":{"line":48,"column":5}},{"start":{"line":12,"column":4},"end":{"line":48,"column":5}}],"line":12},"1":{"loc":{"start":{"line":19,"column":8},"end":{"line":19,"column":36}},"type":"if","locations":[{"start":{"line":19,"column":8},"end":{"line":19,"column":36}},{"start":{"line":19,"column":8},"end":{"line":19,"column":36}}],"line":19},"2":{"loc":{"start":{"line":25,"column":11},"end":{"line":48,"column":5}},"type":"if","locations":[{"start":{"line":25,"column":11},"end":{"line":48,"column":5}},{"start":{"line":25,"column":11},"end":{"line":48,"column":5}}],"line":25},"3":{"loc":{"start":{"line":32,"column":8},"end":{"line":32,"column":36}},"type":"if","locations":[{"start":{"line":32,"column":8},"end":{"line":32,"column":36}},{"start":{"line":32,"column":8},"end":{"line":32,"column":36}}],"line":32},"4":{"loc":{"start":{"line":45,"column":8},"end":{"line":45,"column":36}},"type":"if","locations":[{"start":{"line":45,"column":8},"end":{"line":45,"column":36}},{"start":{"line":45,"column":8},"end":{"line":45,"column":36}}],"line":45}},"s":{"0":1,"1":1,"2":1,"3":2,"4":2,"5":2,"6":2,"7":0,"8":2,"9":2,"10":2,"11":0,"12":0,"13":0,"14":0,"15":0,"16":0,"17":0,"18":0,"19":0,"20":0,"21":0,"22":0,"23":0,"24":1,"25":0,"26":0,"27":0,"28":1},"f":{"0":2,"1":2,"2":2,"3":2,"4":0,"5":0,"6":0,"7":0,"8":0,"9":1,"10":0,"11":0,"12":0},"b":{"0":[2,0],"1":[0,2],"2":[0,0],"3":[0,0],"4":[0,0]},"_coverageSchema":"43e27e138ebf9cfc5966b082cf9a028302ed4184","hash":"a3afc86aaa12fc6620396caa8370d84b5f53e9ac"}
,"C:\\Users\\Pureheart\\Desktop\\myprojects\\API\\book-store\\config\\passport.js": {"path":"C:\\Users\\Pureheart\\Desktop\\myprojects\\API\\book-store\\config\\passport.js","statementMap":{"0":{"start":{"line":4,"column":20},"end":{"line":4,"column":52}},"1":{"start":{"line":5,"column":19},"end":{"line":5,"column":53}},"2":{"start":{"line":6,"column":13},"end":{"line":6,"column":38}},"3":{"start":{"line":8,"column":13},"end":{"line":8,"column":15}},"4":{"start":{"line":9,"column":0},"end":{"line":9,"column":63}},"5":{"start":{"line":10,"column":0},"end":{"line":10,"column":45}},"6":{"start":{"line":12,"column":0},"end":{"line":22,"column":2}},"7":{"start":{"line":13,"column":2},"end":{"line":21,"column":6}},"8":{"start":{"line":14,"column":4},"end":{"line":20,"column":42}},"9":{"start":{"line":16,"column":8},"end":{"line":18,"column":9}},"10":{"start":{"line":17,"column":10},"end":{"line":17,"column":34}},"11":{"start":{"line":19,"column":8},"end":{"line":19,"column":33}},"12":{"start":{"line":20,"column":24},"end":{"line":20,"column":40}}},"fnMap":{"0":{"name":"(anonymous_0)","decl":{"start":{"line":12,"column":17},"end":{"line":12,"column":18}},"loc":{"start":{"line":12,"column":31},"end":{"line":22,"column":1}},"line":12},"1":{"name":"(anonymous_1)","decl":{"start":{"line":13,"column":37},"end":{"line":13,"column":38}},"loc":{"start":{"line":13,"column":59},"end":{"line":21,"column":3}},"line":13},"2":{"name":"(anonymous_2)","decl":{"start":{"line":15,"column":12},"end":{"line":15,"column":13}},"loc":{"start":{"line":15,"column":22},"end":{"line":20,"column":7}},"line":15},"3":{"name":"(anonymous_3)","decl":{"start":{"line":20,"column":15},"end":{"line":20,"column":16}},"loc":{"start":{"line":20,"column":24},"end":{"line":20,"column":40}},"line":20}},"branchMap":{"0":{"loc":{"start":{"line":16,"column":8},"end":{"line":18,"column":9}},"type":"if","locations":[{"start":{"line":16,"column":8},"end":{"line":18,"column":9}},{"start":{"line":16,"column":8},"end":{"line":18,"column":9}}],"line":16}},"s":{"0":1,"1":1,"2":1,"3":1,"4":1,"5":1,"6":1,"7":1,"8":1,"9":1,"10":1,"11":0,"12":0},"f":{"0":1,"1":1,"2":1,"3":0},"b":{"0":[1,0]},"_coverageSchema":"43e27e138ebf9cfc5966b082cf9a028302ed4184","hash":"47b884ab38f8459d54a4082e48d2351ac6e87691"}
,"C:\\Users\\Pureheart\\Desktop\\myprojects\\API\\book-store\\config\\upload.js": {"path":"C:\\Users\\Pureheart\\Desktop\\myprojects\\API\\book-store\\config\\upload.js","statementMap":{"0":{"start":{"line":4,"column":15},"end":{"line":4,"column":32}},"1":{"start":{"line":5,"column":19},"end":{"line":5,"column":40}},"2":{"start":{"line":6,"column":26},"end":{"line":6,"column":62}},"3":{"start":{"line":8,"column":0},"end":{"line":12,"column":3}},"4":{"start":{"line":13,"column":16},"end":{"line":18,"column":2}},"5":{"start":{"line":19,"column":15},"end":{"line":19,"column":34}},"6":{"start":{"line":22,"column":0},"end":{"line":22,"column":24}}},"fnMap":{},"branchMap":{},"s":{"0":1,"1":1,"2":1,"3":1,"4":1,"5":1,"6":1},"f":{},"b":{},"_coverageSchema":"43e27e138ebf9cfc5966b082cf9a028302ed4184","hash":"103ba6803430f46043d03527d710d77c606d9b0b"}
,"C:\\Users\\Pureheart\\Desktop\\myprojects\\API\\book-store\\models\\Book.js": {"path":"C:\\Users\\Pureheart\\Desktop\\myprojects\\API\\book-store\\models\\Book.js","statementMap":{"0":{"start":{"line":3,"column":17},"end":{"line":3,"column":36}},"1":{"start":{"line":5,"column":19},"end":{"line":44,"column":2}},"2":{"start":{"line":46,"column":13},"end":{"line":46,"column":47}},"3":{"start":{"line":47,"column":0},"end":{"line":47,"column":22}}},"fnMap":{},"branchMap":{},"s":{"0":1,"1":1,"2":1,"3":1},"f":{},"b":{},"_coverageSchema":"43e27e138ebf9cfc5966b082cf9a028302ed4184","hash":"a1987f731f075544b8c4239b325363f2a1ea66e6"}
,"C:\\Users\\Pureheart\\Desktop\\myprojects\\API\\book-store\\models\\Rating.js": {"path":"C:\\Users\\Pureheart\\Desktop\\myprojects\\API\\book-store\\models\\Rating.js","statementMap":{"0":{"start":{"line":3,"column":17},"end":{"line":3,"column":36}},"1":{"start":{"line":5,"column":21},"end":{"line":18,"column":2}},"2":{"start":{"line":20,"column":15},"end":{"line":20,"column":53}},"3":{"start":{"line":21,"column":0},"end":{"line":21,"column":24}}},"fnMap":{},"branchMap":{},"s":{"0":1,"1":1,"2":1,"3":1},"f":{},"b":{},"_coverageSchema":"43e27e138ebf9cfc5966b082cf9a028302ed4184","hash":"46ede85b7e4d373e5e488bfd355b243cf6413740"}
,"C:\\Users\\Pureheart\\Desktop\\myprojects\\API\\book-store\\models\\User.js": {"path":"C:\\Users\\Pureheart\\Desktop\\myprojects\\API\\book-store\\models\\User.js","statementMap":{"0":{"start":{"line":3,"column":17},"end":{"line":3,"column":36}},"1":{"start":{"line":5,"column":19},"end":{"line":31,"column":2}},"2":{"start":{"line":33,"column":13},"end":{"line":33,"column":47}},"3":{"start":{"line":34,"column":0},"end":{"line":34,"column":22}}},"fnMap":{},"branchMap":{},"s":{"0":1,"1":1,"2":1,"3":1},"f":{},"b":{},"_coverageSchema":"43e27e138ebf9cfc5966b082cf9a028302ed4184","hash":"2ba61f53f5024a5f73918f07ba2ab6b8b952bb24"}
,"C:\\Users\\Pureheart\\Desktop\\myprojects\\API\\book-store\\routes\\api\\v1\\auth.js": {"path":"C:\\Users\\Pureheart\\Desktop\\myprojects\\API\\book-store\\routes\\api\\v1\\auth.js","statementMap":{"0":{"start":{"line":7,"column":16},"end":{"line":7,"column":34}},"1":{"start":{"line":8,"column":15},"end":{"line":8,"column":34}},"2":{"start":{"line":9,"column":12},"end":{"line":9,"column":35}},"3":{"start":{"line":10,"column":15},"end":{"line":10,"column":32}},"4":{"start":{"line":12,"column":13},"end":{"line":12,"column":21}},"5":{"start":{"line":13,"column":13},"end":{"line":13,"column":44}},"6":{"start":{"line":16,"column":15},"end":{"line":16,"column":31}},"7":{"start":{"line":21,"column":0},"end":{"line":57,"column":3}},"8":{"start":{"line":22,"column":71},"end":{"line":22,"column":79}},"9":{"start":{"line":23,"column":2},"end":{"line":56,"column":5}},"10":{"start":{"line":24,"column":4},"end":{"line":26,"column":5}},"11":{"start":{"line":25,"column":6},"end":{"line":25,"column":101}},"12":{"start":{"line":27,"column":4},"end":{"line":29,"column":5}},"13":{"start":{"line":28,"column":6},"end":{"line":28,"column":91}},"14":{"start":{"line":30,"column":4},"end":{"line":32,"column":5}},"15":{"start":{"line":31,"column":6},"end":{"line":31,"column":111}},"16":{"start":{"line":33,"column":4},"end":{"line":35,"column":5}},"17":{"start":{"line":34,"column":6},"end":{"line":34,"column":97}},"18":{"start":{"line":36,"column":20},"end":{"line":41,"column":6}},"19":{"start":{"line":42,"column":4},"end":{"line":55,"column":7}},"20":{"start":{"line":43,"column":6},"end":{"line":54,"column":9}},"21":{"start":{"line":44,"column":8},"end":{"line":44,"column":27}},"22":{"start":{"line":44,"column":17},"end":{"line":44,"column":27}},"23":{"start":{"line":45,"column":8},"end":{"line":45,"column":32}},"24":{"start":{"line":46,"column":8},"end":{"line":53,"column":14}},"25":{"start":{"line":47,"column":26},"end":{"line":50,"column":12}},"26":{"start":{"line":50,"column":29},"end":{"line":53,"column":12}},"27":{"start":{"line":62,"column":0},"end":{"line":87,"column":3}},"28":{"start":{"line":63,"column":30},"end":{"line":63,"column":38}},"29":{"start":{"line":64,"column":2},"end":{"line":66,"column":3}},"30":{"start":{"line":65,"column":4},"end":{"line":65,"column":99}},"31":{"start":{"line":67,"column":2},"end":{"line":86,"column":5}},"32":{"start":{"line":68,"column":4},"end":{"line":70,"column":5}},"33":{"start":{"line":69,"column":6},"end":{"line":69,"column":93}},"34":{"start":{"line":71,"column":4},"end":{"line":85,"column":7}},"35":{"start":{"line":72,"column":6},"end":{"line":84,"column":7}},"36":{"start":{"line":73,"column":24},"end":{"line":75,"column":9}},"37":{"start":{"line":76,"column":8},"end":{"line":81,"column":11}},"38":{"start":{"line":77,"column":10},"end":{"line":80,"column":13}},"39":{"start":{"line":83,"column":8},"end":{"line":83,"column":92}},"40":{"start":{"line":89,"column":0},"end":{"line":89,"column":24}}},"fnMap":{"0":{"name":"(anonymous_0)","decl":{"start":{"line":21,"column":36},"end":{"line":21,"column":37}},"loc":{"start":{"line":21,"column":50},"end":{"line":57,"column":1}},"line":21},"1":{"name":"(anonymous_1)","decl":{"start":{"line":23,"column":31},"end":{"line":23,"column":32}},"loc":{"start":{"line":23,"column":41},"end":{"line":56,"column":3}},"line":23},"2":{"name":"(anonymous_2)","decl":{"start":{"line":42,"column":23},"end":{"line":42,"column":24}},"loc":{"start":{"line":42,"column":38},"end":{"line":55,"column":5}},"line":42},"3":{"name":"(anonymous_3)","decl":{"start":{"line":43,"column":42},"end":{"line":43,"column":43}},"loc":{"start":{"line":43,"column":57},"end":{"line":54,"column":7}},"line":43},"4":{"name":"(anonymous_4)","decl":{"start":{"line":47,"column":16},"end":{"line":47,"column":17}},"loc":{"start":{"line":47,"column":26},"end":{"line":50,"column":12}},"line":47},"5":{"name":"(anonymous_5)","decl":{"start":{"line":50,"column":20},"end":{"line":50,"column":21}},"loc":{"start":{"line":50,"column":29},"end":{"line":53,"column":12}},"line":50},"6":{"name":"(anonymous_6)","decl":{"start":{"line":62,"column":36},"end":{"line":62,"column":37}},"loc":{"start":{"line":62,"column":50},"end":{"line":87,"column":1}},"line":62},"7":{"name":"(anonymous_7)","decl":{"start":{"line":67,"column":31},"end":{"line":67,"column":32}},"loc":{"start":{"line":67,"column":41},"end":{"line":86,"column":3}},"line":67},"8":{"name":"(anonymous_8)","decl":{"start":{"line":71,"column":49},"end":{"line":71,"column":50}},"loc":{"start":{"line":71,"column":62},"end":{"line":85,"column":5}},"line":71},"9":{"name":"(anonymous_9)","decl":{"start":{"line":76,"column":78},"end":{"line":76,"column":79}},"loc":{"start":{"line":76,"column":94},"end":{"line":81,"column":9}},"line":76}},"branchMap":{"0":{"loc":{"start":{"line":24,"column":4},"end":{"line":26,"column":5}},"type":"if","locations":[{"start":{"line":24,"column":4},"end":{"line":26,"column":5}},{"start":{"line":24,"column":4},"end":{"line":26,"column":5}}],"line":24},"1":{"loc":{"start":{"line":27,"column":4},"end":{"line":29,"column":5}},"type":"if","locations":[{"start":{"line":27,"column":4},"end":{"line":29,"column":5}},{"start":{"line":27,"column":4},"end":{"line":29,"column":5}}],"line":27},"2":{"loc":{"start":{"line":27,"column":8},"end":{"line":27,"column":77}},"type":"binary-expr","locations":[{"start":{"line":27,"column":8},"end":{"line":27,"column":19}},{"start":{"line":27,"column":23},"end":{"line":27,"column":33}},{"start":{"line":27,"column":37},"end":{"line":27,"column":43}},{"start":{"line":27,"column":47},"end":{"line":27,"column":56}},{"start":{"line":27,"column":60},"end":{"line":27,"column":77}}],"line":27},"3":{"loc":{"start":{"line":30,"column":4},"end":{"line":32,"column":5}},"type":"if","locations":[{"start":{"line":30,"column":4},"end":{"line":32,"column":5}},{"start":{"line":30,"column":4},"end":{"line":32,"column":5}}],"line":30},"4":{"loc":{"start":{"line":33,"column":4},"end":{"line":35,"column":5}},"type":"if","locations":[{"start":{"line":33,"column":4},"end":{"line":35,"column":5}},{"start":{"line":33,"column":4},"end":{"line":35,"column":5}}],"line":33},"5":{"loc":{"start":{"line":44,"column":8},"end":{"line":44,"column":27}},"type":"if","locations":[{"start":{"line":44,"column":8},"end":{"line":44,"column":27}},{"start":{"line":44,"column":8},"end":{"line":44,"column":27}}],"line":44},"6":{"loc":{"start":{"line":64,"column":2},"end":{"line":66,"column":3}},"type":"if","locations":[{"start":{"line":64,"column":2},"end":{"line":66,"column":3}},{"start":{"line":64,"column":2},"end":{"line":66,"column":3}}],"line":64},"7":{"loc":{"start":{"line":64,"column":6},"end":{"line":64,"column":25}},"type":"binary-expr","locations":[{"start":{"line":64,"column":6},"end":{"line":64,"column":12}},{"start":{"line":64,"column":16},"end":{"line":64,"column":25}}],"line":64},"8":{"loc":{"start":{"line":68,"column":4},"end":{"line":70,"column":5}},"type":"if","locations":[{"start":{"line":68,"column":4},"end":{"line":70,"column":5}},{"start":{"line":68,"column":4},"end":{"line":70,"column":5}}],"line":68},"9":{"loc":{"start":{"line":72,"column":6},"end":{"line":84,"column":7}},"type":"if","locations":[{"start":{"line":72,"column":6},"end":{"line":84,"column":7}},{"start":{"line":72,"column":6},"end":{"line":84,"column":7}}],"line":72}},"s":{"0":1,"1":1,"2":1,"3":1,"4":1,"5":1,"6":1,"7":1,"8":0,"9":0,"10":0,"11":0,"12":0,"13":0,"14":0,"15":0,"16":0,"17":0,"18":0,"19":0,"20":0,"21":0,"22":0,"23":0,"24":0,"25":0,"26":0,"27":1,"28":0,"29":0,"30":0,"31":0,"32":0,"33":0,"34":0,"35":0,"36":0,"37":0,"38":0,"39":0,"40":1},"f":{"0":0,"1":0,"2":0,"3":0,"4":0,"5":0,"6":0,"7":0,"8":0,"9":0},"b":{"0":[0,0],"1":[0,0],"2":[0,0,0,0,0],"3":[0,0],"4":[0,0],"5":[0,0],"6":[0,0],"7":[0,0],"8":[0,0],"9":[0,0]},"_coverageSchema":"43e27e138ebf9cfc5966b082cf9a028302ed4184","hash":"9891d0e34ea756cfe2cabdee866a8a923e22088b"}
,"C:\\Users\\Pureheart\\Desktop\\myprojects\\API\\book-store\\routes\\api\\v1\\book.js": {"path":"C:\\Users\\Pureheart\\Desktop\\myprojects\\API\\book-store\\routes\\api\\v1\\book.js","statementMap":{"0":{"start":{"line":7,"column":16},"end":{"line":7,"column":34}},"1":{"start":{"line":8,"column":17},"end":{"line":8,"column":36}},"2":{"start":{"line":9,"column":17},"end":{"line":9,"column":36}},"3":{"start":{"line":10,"column":19},"end":{"line":10,"column":40}},"4":{"start":{"line":11,"column":15},"end":{"line":11,"column":32}},"5":{"start":{"line":13,"column":13},"end":{"line":13,"column":21}},"6":{"start":{"line":15,"column":13},"end":{"line":15,"column":44}},"7":{"start":{"line":16,"column":13},"end":{"line":16,"column":44}},"8":{"start":{"line":17,"column":15},"end":{"line":17,"column":48}},"9":{"start":{"line":19,"column":21},"end":{"line":19,"column":35}},"10":{"start":{"line":21,"column":15},"end":{"line":21,"column":31}},"11":{"start":{"line":26,"column":0},"end":{"line":60,"column":3}},"12":{"start":{"line":27,"column":59},"end":{"line":27,"column":67}},"13":{"start":{"line":28,"column":20},"end":{"line":28,"column":66}},"14":{"start":{"line":29,"column":20},"end":{"line":29,"column":31}},"15":{"start":{"line":30,"column":14},"end":{"line":30,"column":22}},"16":{"start":{"line":31,"column":2},"end":{"line":33,"column":3}},"17":{"start":{"line":32,"column":4},"end":{"line":32,"column":89}},"18":{"start":{"line":34,"column":2},"end":{"line":36,"column":3}},"19":{"start":{"line":35,"column":4},"end":{"line":35,"column":97}},"20":{"start":{"line":37,"column":2},"end":{"line":39,"column":3}},"21":{"start":{"line":38,"column":4},"end":{"line":38,"column":100}},"22":{"start":{"line":40,"column":2},"end":{"line":43,"column":4}},"23":{"start":{"line":44,"column":2},"end":{"line":59,"column":71}},"24":{"start":{"line":45,"column":20},"end":{"line":47,"column":6}},"25":{"start":{"line":48,"column":4},"end":{"line":48,"column":29}},"26":{"start":{"line":49,"column":4},"end":{"line":58,"column":73}},"27":{"start":{"line":50,"column":6},"end":{"line":57,"column":10}},"28":{"start":{"line":50,"column":36},"end":{"line":54,"column":8}},"29":{"start":{"line":54,"column":22},"end":{"line":57,"column":8}},"30":{"start":{"line":58,"column":22},"end":{"line":58,"column":71}},"31":{"start":{"line":59,"column":20},"end":{"line":59,"column":69}},"32":{"start":{"line":65,"column":0},"end":{"line":88,"column":3}},"33":{"start":{"line":66,"column":2},"end":{"line":87,"column":71}},"34":{"start":{"line":79,"column":4},"end":{"line":85,"column":5}},"35":{"start":{"line":80,"column":6},"end":{"line":84,"column":9}},"36":{"start":{"line":86,"column":4},"end":{"line":86,"column":82}},"37":{"start":{"line":87,"column":20},"end":{"line":87,"column":69}},"38":{"start":{"line":93,"column":0},"end":{"line":123,"column":3}},"39":{"start":{"line":94,"column":22},"end":{"line":94,"column":32}},"40":{"start":{"line":95,"column":2},"end":{"line":97,"column":3}},"41":{"start":{"line":96,"column":4},"end":{"line":96,"column":68}},"42":{"start":{"line":98,"column":2},"end":{"line":122,"column":71}},"43":{"start":{"line":114,"column":4},"end":{"line":120,"column":5}},"44":{"start":{"line":115,"column":6},"end":{"line":119,"column":9}},"45":{"start":{"line":121,"column":4},"end":{"line":121,"column":68}},"46":{"start":{"line":122,"column":20},"end":{"line":122,"column":69}},"47":{"start":{"line":128,"column":0},"end":{"line":156,"column":3}},"48":{"start":{"line":129,"column":22},"end":{"line":129,"column":32}},"49":{"start":{"line":130,"column":57},"end":{"line":130,"column":65}},"50":{"start":{"line":131,"column":26},"end":{"line":131,"column":37}},"51":{"start":{"line":132,"column":2},"end":{"line":134,"column":3}},"52":{"start":{"line":133,"column":4},"end":{"line":133,"column":75}},"53":{"start":{"line":135,"column":2},"end":{"line":155,"column":71}},"54":{"start":{"line":136,"column":4},"end":{"line":136,"column":42}},"55":{"start":{"line":137,"column":4},"end":{"line":137,"column":66}},"56":{"start":{"line":138,"column":4},"end":{"line":138,"column":46}},"57":{"start":{"line":139,"column":4},"end":{"line":139,"column":58}},"58":{"start":{"line":140,"column":4},"end":{"line":140,"column":42}},"59":{"start":{"line":141,"column":4},"end":{"line":143,"column":5}},"60":{"start":{"line":142,"column":6},"end":{"line":142,"column":81}},"61":{"start":{"line":144,"column":4},"end":{"line":154,"column":5}},"62":{"start":{"line":145,"column":6},"end":{"line":145,"column":69}},"63":{"start":{"line":147,"column":6},"end":{"line":153,"column":76}},"64":{"start":{"line":150,"column":19},"end":{"line":153,"column":8}},"65":{"start":{"line":153,"column":25},"end":{"line":153,"column":74}},"66":{"start":{"line":155,"column":20},"end":{"line":155,"column":69}},"67":{"start":{"line":161,"column":0},"end":{"line":185,"column":3}},"68":{"start":{"line":162,"column":22},"end":{"line":162,"column":32}},"69":{"start":{"line":163,"column":26},"end":{"line":163,"column":37}},"70":{"start":{"line":164,"column":2},"end":{"line":166,"column":3}},"71":{"start":{"line":165,"column":4},"end":{"line":165,"column":68}},"72":{"start":{"line":167,"column":2},"end":{"line":184,"column":71}},"73":{"start":{"line":168,"column":24},"end":{"line":168,"column":47}},"74":{"start":{"line":169,"column":4},"end":{"line":171,"column":5}},"75":{"start":{"line":170,"column":6},"end":{"line":170,"column":82}},"76":{"start":{"line":172,"column":4},"end":{"line":183,"column":5}},"77":{"start":{"line":173,"column":6},"end":{"line":180,"column":75}},"78":{"start":{"line":174,"column":8},"end":{"line":179,"column":11}},"79":{"start":{"line":175,"column":10},"end":{"line":178,"column":13}},"80":{"start":{"line":180,"column":24},"end":{"line":180,"column":73}},"81":{"start":{"line":182,"column":6},"end":{"line":182,"column":75}},"82":{"start":{"line":184,"column":20},"end":{"line":184,"column":69}},"83":{"start":{"line":188,"column":0},"end":{"line":188,"column":24}}},"fnMap":{"0":{"name":"(anonymous_0)","decl":{"start":{"line":26,"column":91},"end":{"line":26,"column":92}},"loc":{"start":{"line":26,"column":105},"end":{"line":60,"column":1}},"line":26},"1":{"name":"(anonymous_1)","decl":{"start":{"line":44,"column":34},"end":{"line":44,"column":35}},"loc":{"start":{"line":44,"column":44},"end":{"line":59,"column":3}},"line":44},"2":{"name":"(anonymous_2)","decl":{"start":{"line":49,"column":21},"end":{"line":49,"column":22}},"loc":{"start":{"line":49,"column":27},"end":{"line":58,"column":5}},"line":49},"3":{"name":"(anonymous_3)","decl":{"start":{"line":50,"column":26},"end":{"line":50,"column":27}},"loc":{"start":{"line":50,"column":36},"end":{"line":54,"column":8}},"line":50},"4":{"name":"(anonymous_4)","decl":{"start":{"line":54,"column":16},"end":{"line":54,"column":17}},"loc":{"start":{"line":54,"column":22},"end":{"line":57,"column":8}},"line":54},"5":{"name":"(anonymous_5)","decl":{"start":{"line":58,"column":13},"end":{"line":58,"column":14}},"loc":{"start":{"line":58,"column":22},"end":{"line":58,"column":71}},"line":58},"6":{"name":"(anonymous_6)","decl":{"start":{"line":59,"column":11},"end":{"line":59,"column":12}},"loc":{"start":{"line":59,"column":20},"end":{"line":59,"column":69}},"line":59},"7":{"name":"(anonymous_7)","decl":{"start":{"line":65,"column":16},"end":{"line":65,"column":17}},"loc":{"start":{"line":65,"column":30},"end":{"line":88,"column":1}},"line":65},"8":{"name":"(anonymous_8)","decl":{"start":{"line":78,"column":11},"end":{"line":78,"column":12}},"loc":{"start":{"line":78,"column":22},"end":{"line":87,"column":3}},"line":78},"9":{"name":"(anonymous_9)","decl":{"start":{"line":87,"column":11},"end":{"line":87,"column":12}},"loc":{"start":{"line":87,"column":20},"end":{"line":87,"column":69}},"line":87},"10":{"name":"(anonymous_10)","decl":{"start":{"line":93,"column":24},"end":{"line":93,"column":25}},"loc":{"start":{"line":93,"column":38},"end":{"line":123,"column":1}},"line":93},"11":{"name":"(anonymous_11)","decl":{"start":{"line":113,"column":10},"end":{"line":113,"column":11}},"loc":{"start":{"line":113,"column":20},"end":{"line":122,"column":3}},"line":113},"12":{"name":"(anonymous_12)","decl":{"start":{"line":122,"column":11},"end":{"line":122,"column":12}},"loc":{"start":{"line":122,"column":20},"end":{"line":122,"column":69}},"line":122},"13":{"name":"(anonymous_13)","decl":{"start":{"line":128,"column":89},"end":{"line":128,"column":90}},"loc":{"start":{"line":128,"column":103},"end":{"line":156,"column":1}},"line":128},"14":{"name":"(anonymous_14)","decl":{"start":{"line":135,"column":30},"end":{"line":135,"column":31}},"loc":{"start":{"line":135,"column":40},"end":{"line":155,"column":3}},"line":135},"15":{"name":"(anonymous_15)","decl":{"start":{"line":150,"column":13},"end":{"line":150,"column":14}},"loc":{"start":{"line":150,"column":19},"end":{"line":153,"column":8}},"line":150},"16":{"name":"(anonymous_16)","decl":{"start":{"line":153,"column":16},"end":{"line":153,"column":17}},"loc":{"start":{"line":153,"column":25},"end":{"line":153,"column":74}},"line":153},"17":{"name":"(anonymous_17)","decl":{"start":{"line":155,"column":11},"end":{"line":155,"column":12}},"loc":{"start":{"line":155,"column":20},"end":{"line":155,"column":69}},"line":155},"18":{"name":"(anonymous_18)","decl":{"start":{"line":161,"column":84},"end":{"line":161,"column":85}},"loc":{"start":{"line":161,"column":98},"end":{"line":185,"column":1}},"line":161},"19":{"name":"(anonymous_19)","decl":{"start":{"line":167,"column":30},"end":{"line":167,"column":31}},"loc":{"start":{"line":167,"column":40},"end":{"line":184,"column":3}},"line":167},"20":{"name":"(anonymous_20)","decl":{"start":{"line":173,"column":44},"end":{"line":173,"column":45}},"loc":{"start":{"line":173,"column":50},"end":{"line":180,"column":7}},"line":173},"21":{"name":"(anonymous_21)","decl":{"start":{"line":174,"column":52},"end":{"line":174,"column":53}},"loc":{"start":{"line":174,"column":58},"end":{"line":179,"column":9}},"line":174},"22":{"name":"(anonymous_22)","decl":{"start":{"line":180,"column":15},"end":{"line":180,"column":16}},"loc":{"start":{"line":180,"column":24},"end":{"line":180,"column":73}},"line":180},"23":{"name":"(anonymous_23)","decl":{"start":{"line":184,"column":11},"end":{"line":184,"column":12}},"loc":{"start":{"line":184,"column":20},"end":{"line":184,"column":69}},"line":184}},"branchMap":{"0":{"loc":{"start":{"line":31,"column":2},"end":{"line":33,"column":3}},"type":"if","locations":[{"start":{"line":31,"column":2},"end":{"line":33,"column":3}},{"start":{"line":31,"column":2},"end":{"line":33,"column":3}}],"line":31},"1":{"loc":{"start":{"line":31,"column":6},"end":{"line":31,"column":63}},"type":"binary-expr","locations":[{"start":{"line":31,"column":6},"end":{"line":31,"column":12}},{"start":{"line":31,"column":16},"end":{"line":31,"column":28}},{"start":{"line":31,"column":32},"end":{"line":31,"column":39}},{"start":{"line":31,"column":43},"end":{"line":31,"column":53}},{"start":{"line":31,"column":57},"end":{"line":31,"column":63}}],"line":31},"2":{"loc":{"start":{"line":34,"column":2},"end":{"line":36,"column":3}},"type":"if","locations":[{"start":{"line":34,"column":2},"end":{"line":36,"column":3}},{"start":{"line":34,"column":2},"end":{"line":36,"column":3}}],"line":34},"3":{"loc":{"start":{"line":37,"column":2},"end":{"line":39,"column":3}},"type":"if","locations":[{"start":{"line":37,"column":2},"end":{"line":39,"column":3}},{"start":{"line":37,"column":2},"end":{"line":39,"column":3}}],"line":37},"4":{"loc":{"start":{"line":79,"column":4},"end":{"line":85,"column":5}},"type":"if","locations":[{"start":{"line":79,"column":4},"end":{"line":85,"column":5}},{"start":{"line":79,"column":4},"end":{"line":85,"column":5}}],"line":79},"5":{"loc":{"start":{"line":95,"column":2},"end":{"line":97,"column":3}},"type":"if","locations":[{"start":{"line":95,"column":2},"end":{"line":97,"column":3}},{"start":{"line":95,"column":2},"end":{"line":97,"column":3}}],"line":95},"6":{"loc":{"start":{"line":114,"column":4},"end":{"line":120,"column":5}},"type":"if","locations":[{"start":{"line":114,"column":4},"end":{"line":120,"column":5}},{"start":{"line":114,"column":4},"end":{"line":120,"column":5}}],"line":114},"7":{"loc":{"start":{"line":132,"column":2},"end":{"line":134,"column":3}},"type":"if","locations":[{"start":{"line":132,"column":2},"end":{"line":134,"column":3}},{"start":{"line":132,"column":2},"end":{"line":134,"column":3}}],"line":132},"8":{"loc":{"start":{"line":136,"column":12},"end":{"line":136,"column":41}},"type":"cond-expr","locations":[{"start":{"line":136,"column":23},"end":{"line":136,"column":33}},{"start":{"line":136,"column":36},"end":{"line":136,"column":41}}],"line":136},"9":{"loc":{"start":{"line":137,"column":18},"end":{"line":137,"column":65}},"type":"cond-expr","locations":[{"start":{"line":137,"column":35},"end":{"line":137,"column":51}},{"start":{"line":137,"column":54},"end":{"line":137,"column":65}}],"line":137},"10":{"loc":{"start":{"line":138,"column":13},"end":{"line":138,"column":45}},"type":"cond-expr","locations":[{"start":{"line":138,"column":25},"end":{"line":138,"column":36}},{"start":{"line":138,"column":39},"end":{"line":138,"column":45}}],"line":138},"11":{"loc":{"start":{"line":139,"column":16},"end":{"line":139,"column":57}},"type":"cond-expr","locations":[{"start":{"line":139,"column":31},"end":{"line":139,"column":45}},{"start":{"line":139,"column":48},"end":{"line":139,"column":57}}],"line":139},"12":{"loc":{"start":{"line":140,"column":12},"end":{"line":140,"column":41}},"type":"cond-expr","locations":[{"start":{"line":140,"column":23},"end":{"line":140,"column":33}},{"start":{"line":140,"column":36},"end":{"line":140,"column":41}}],"line":140},"13":{"loc":{"start":{"line":141,"column":4},"end":{"line":143,"column":5}},"type":"if","locations":[{"start":{"line":141,"column":4},"end":{"line":143,"column":5}},{"start":{"line":141,"column":4},"end":{"line":143,"column":5}}],"line":141},"14":{"loc":{"start":{"line":144,"column":4},"end":{"line":154,"column":5}},"type":"if","locations":[{"start":{"line":144,"column":4},"end":{"line":154,"column":5}},{"start":{"line":144,"column":4},"end":{"line":154,"column":5}}],"line":144},"15":{"loc":{"start":{"line":164,"column":2},"end":{"line":166,"column":3}},"type":"if","locations":[{"start":{"line":164,"column":2},"end":{"line":166,"column":3}},{"start":{"line":164,"column":2},"end":{"line":166,"column":3}}],"line":164},"16":{"loc":{"start":{"line":169,"column":4},"end":{"line":171,"column":5}},"type":"if","locations":[{"start":{"line":169,"column":4},"end":{"line":171,"column":5}},{"start":{"line":169,"column":4},"end":{"line":171,"column":5}}],"line":169},"17":{"loc":{"start":{"line":172,"column":4},"end":{"line":183,"column":5}},"type":"if","locations":[{"start":{"line":172,"column":4},"end":{"line":183,"column":5}},{"start":{"line":172,"column":4},"end":{"line":183,"column":5}}],"line":172}},"s":{"0":1,"1":1,"2":1,"3":1,"4":1,"5":1,"6":1,"7":1,"8":1,"9":1,"10":1,"11":1,"12":1,"13":1,"14":1,"15":1,"16":1,"17":0,"18":1,"19":0,"20":1,"21":0,"22":1,"23":1,"24":1,"25":1,"26":1,"27":1,"28":1,"29":0,"30":0,"31":0,"32":1,"33":0,"34":0,"35":0,"36":0,"37":0,"38":1,"39":0,"40":0,"41":0,"42":0,"43":0,"44":0,"45":0,"46":0,"47":1,"48":0,"49":0,"50":0,"51":0,"52":0,"53":0,"54":0,"55":0,"56":0,"57":0,"58":0,"59":0,"60":0,"61":0,"62":0,"63":0,"64":0,"65":0,"66":0,"67":1,"68":0,"69":0,"70":0,"71":0,"72":0,"73":0,"74":0,"75":0,"76":0,"77":0,"78":0,"79":0,"80":0,"81":0,"82":0,"83":1},"f":{"0":1,"1":1,"2":1,"3":1,"4":0,"5":0,"6":0,"7":0,"8":0,"9":0,"10":0,"11":0,"12":0,"13":0,"14":0,"15":0,"16":0,"17":0,"18":0,"19":0,"20":0,"21":0,"22":0,"23":0},"b":{"0":[0,1],"1":[1,1,1,1,1],"2":[0,1],"3":[0,1],"4":[0,0],"5":[0,0],"6":[0,0],"7":[0,0],"8":[0,0],"9":[0,0],"10":[0,0],"11":[0,0],"12":[0,0],"13":[0,0],"14":[0,0],"15":[0,0],"16":[0,0],"17":[0,0]},"_coverageSchema":"43e27e138ebf9cfc5966b082cf9a028302ed4184","hash":"7a30a2cef9a3e716405e34bcf0e34d63477122e6"}
,"C:\\Users\\Pureheart\\Desktop\\myprojects\\API\\book-store\\routes\\api\\v1\\rating.js": {"path":"C:\\Users\\Pureheart\\Desktop\\myprojects\\API\\book-store\\routes\\api\\v1\\rating.js","statementMap":{"0":{"start":{"line":7,"column":16},"end":{"line":7,"column":34}},"1":{"start":{"line":8,"column":17},"end":{"line":8,"column":36}},"2":{"start":{"line":9,"column":17},"end":{"line":9,"column":36}},"3":{"start":{"line":10,"column":15},"end":{"line":10,"column":32}},"4":{"start":{"line":12,"column":13},"end":{"line":12,"column":21}},"5":{"start":{"line":13,"column":15},"end":{"line":13,"column":48}},"6":{"start":{"line":14,"column":13},"end":{"line":14,"column":44}},"7":{"start":{"line":17,"column":15},"end":{"line":17,"column":31}},"8":{"start":{"line":22,"column":0},"end":{"line":53,"column":3}},"9":{"start":{"line":23,"column":25},"end":{"line":23,"column":33}},"10":{"start":{"line":24,"column":22},"end":{"line":24,"column":32}},"11":{"start":{"line":25,"column":19},"end":{"line":25,"column":30}},"12":{"start":{"line":26,"column":2},"end":{"line":28,"column":3}},"13":{"start":{"line":27,"column":4},"end":{"line":27,"column":95}},"14":{"start":{"line":29,"column":2},"end":{"line":31,"column":3}},"15":{"start":{"line":30,"column":4},"end":{"line":30,"column":87}},"16":{"start":{"line":32,"column":2},"end":{"line":34,"column":3}},"17":{"start":{"line":33,"column":4},"end":{"line":33,"column":68}},"18":{"start":{"line":35,"column":2},"end":{"line":52,"column":71}},"19":{"start":{"line":36,"column":4},"end":{"line":38,"column":5}},"20":{"start":{"line":37,"column":6},"end":{"line":37,"column":81}},"21":{"start":{"line":39,"column":4},"end":{"line":51,"column":7}},"22":{"start":{"line":40,"column":6},"end":{"line":42,"column":7}},"23":{"start":{"line":41,"column":8},"end":{"line":41,"column":91}},"24":{"start":{"line":43,"column":24},"end":{"line":43,"column":69}},"25":{"start":{"line":44,"column":6},"end":{"line":44,"column":46}},"26":{"start":{"line":45,"column":6},"end":{"line":50,"column":75}},"27":{"start":{"line":46,"column":8},"end":{"line":49,"column":107}},"28":{"start":{"line":46,"column":36},"end":{"line":49,"column":10}},"29":{"start":{"line":49,"column":24},"end":{"line":49,"column":105}},"30":{"start":{"line":50,"column":24},"end":{"line":50,"column":73}},"31":{"start":{"line":52,"column":20},"end":{"line":52,"column":69}},"32":{"start":{"line":55,"column":0},"end":{"line":55,"column":24}}},"fnMap":{"0":{"name":"(anonymous_0)","decl":{"start":{"line":22,"column":88},"end":{"line":22,"column":89}},"loc":{"start":{"line":22,"column":102},"end":{"line":53,"column":1}},"line":22},"1":{"name":"(anonymous_1)","decl":{"start":{"line":35,"column":30},"end":{"line":35,"column":31}},"loc":{"start":{"line":35,"column":40},"end":{"line":52,"column":3}},"line":35},"2":{"name":"(anonymous_2)","decl":{"start":{"line":39,"column":47},"end":{"line":39,"column":48}},"loc":{"start":{"line":39,"column":59},"end":{"line":51,"column":5}},"line":39},"3":{"name":"(anonymous_3)","decl":{"start":{"line":45,"column":23},"end":{"line":45,"column":24}},"loc":{"start":{"line":45,"column":29},"end":{"line":50,"column":7}},"line":45},"4":{"name":"(anonymous_4)","decl":{"start":{"line":46,"column":30},"end":{"line":46,"column":31}},"loc":{"start":{"line":46,"column":36},"end":{"line":49,"column":10}},"line":46},"5":{"name":"(anonymous_5)","decl":{"start":{"line":49,"column":18},"end":{"line":49,"column":19}},"loc":{"start":{"line":49,"column":24},"end":{"line":49,"column":105}},"line":49},"6":{"name":"(anonymous_6)","decl":{"start":{"line":50,"column":15},"end":{"line":50,"column":16}},"loc":{"start":{"line":50,"column":24},"end":{"line":50,"column":73}},"line":50},"7":{"name":"(anonymous_7)","decl":{"start":{"line":52,"column":11},"end":{"line":52,"column":12}},"loc":{"start":{"line":52,"column":20},"end":{"line":52,"column":69}},"line":52}},"branchMap":{"0":{"loc":{"start":{"line":26,"column":2},"end":{"line":28,"column":3}},"type":"if","locations":[{"start":{"line":26,"column":2},"end":{"line":28,"column":3}},{"start":{"line":26,"column":2},"end":{"line":28,"column":3}}],"line":26},"1":{"loc":{"start":{"line":29,"column":2},"end":{"line":31,"column":3}},"type":"if","locations":[{"start":{"line":29,"column":2},"end":{"line":31,"column":3}},{"start":{"line":29,"column":2},"end":{"line":31,"column":3}}],"line":29},"2":{"loc":{"start":{"line":32,"column":2},"end":{"line":34,"column":3}},"type":"if","locations":[{"start":{"line":32,"column":2},"end":{"line":34,"column":3}},{"start":{"line":32,"column":2},"end":{"line":34,"column":3}}],"line":32},"3":{"loc":{"start":{"line":36,"column":4},"end":{"line":38,"column":5}},"type":"if","locations":[{"start":{"line":36,"column":4},"end":{"line":38,"column":5}},{"start":{"line":36,"column":4},"end":{"line":38,"column":5}}],"line":36},"4":{"loc":{"start":{"line":40,"column":6},"end":{"line":42,"column":7}},"type":"if","locations":[{"start":{"line":40,"column":6},"end":{"line":42,"column":7}},{"start":{"line":40,"column":6},"end":{"line":42,"column":7}}],"line":40}},"s":{"0":1,"1":1,"2":1,"3":1,"4":1,"5":1,"6":1,"7":1,"8":1,"9":0,"10":0,"11":0,"12":0,"13":0,"14":0,"15":0,"16":0,"17":0,"18":0,"19":0,"20":0,"21":0,"22":0,"23":0,"24":0,"25":0,"26":0,"27":0,"28":0,"29":0,"30":0,"31":0,"32":1},"f":{"0":0,"1":0,"2":0,"3":0,"4":0,"5":0,"6":0,"7":0},"b":{"0":[0,0],"1":[0,0],"2":[0,0],"3":[0,0],"4":[0,0]},"_coverageSchema":"43e27e138ebf9cfc5966b082cf9a028302ed4184","hash":"7982b817d26044d9f75707c7e933f9cb20b9ffba"}
}
